  [1m[35m (0.1ms)[0m  [1m[34mSELECT sqlite_version(*)[0m
  ↳ /home/letsventure/.rvm/gems/ruby-2.2.4/bin/rake:23
  [1m[35m (123.4ms)[0m  [1m[35mCREATE TABLE "schema_migrations" ("version" varchar NOT NULL PRIMARY KEY)[0m
  ↳ /home/letsventure/.rvm/gems/ruby-2.2.4/bin/rake:23
  [1m[35m (132.1ms)[0m  [1m[35mCREATE TABLE "ar_internal_metadata" ("key" varchar NOT NULL PRIMARY KEY, "value" varchar, "created_at" datetime NOT NULL, "updated_at" datetime NOT NULL)[0m
  ↳ /home/letsventure/.rvm/gems/ruby-2.2.4/bin/rake:23
  [1m[35m (0.1ms)[0m  [1m[34mSELECT "schema_migrations"."version" FROM "schema_migrations" ORDER BY "schema_migrations"."version" ASC[0m
  ↳ /home/letsventure/.rvm/gems/ruby-2.2.4/bin/rake:23
Migrating to CreateDetails (20180708055839)
  [1m[35m (0.0ms)[0m  [1m[36mbegin transaction[0m
  ↳ /home/letsventure/.rvm/gems/ruby-2.2.4/bin/rake:23
  [1m[35m (0.6ms)[0m  [1m[35mCREATE TABLE "details" ("id" integer PRIMARY KEY AUTOINCREMENT NOT NULL, "firstname" varchar, "lastname" varchar, "created_at" datetime NOT NULL, "updated_at" datetime NOT NULL)[0m
  ↳ db/migrate/20180708055839_create_details.rb:3
  [1m[36mActiveRecord::SchemaMigration Create (0.1ms)[0m  [1m[32mINSERT INTO "schema_migrations" ("version") VALUES (?)[0m  [["version", "20180708055839"]]
  ↳ /home/letsventure/.rvm/gems/ruby-2.2.4/bin/rake:23
  [1m[35m (87.7ms)[0m  [1m[36mcommit transaction[0m
  ↳ /home/letsventure/.rvm/gems/ruby-2.2.4/bin/rake:23
  [1m[36mActiveRecord::InternalMetadata Load (0.1ms)[0m  [1m[34mSELECT  "ar_internal_metadata".* FROM "ar_internal_metadata" WHERE "ar_internal_metadata"."key" = ? LIMIT ?[0m  [["key", "environment"], ["LIMIT", 1]]
  ↳ /home/letsventure/.rvm/gems/ruby-2.2.4/bin/rake:23
  [1m[35m (0.0ms)[0m  [1m[36mbegin transaction[0m
  ↳ /home/letsventure/.rvm/gems/ruby-2.2.4/bin/rake:23
  [1m[36mActiveRecord::InternalMetadata Create (0.2ms)[0m  [1m[32mINSERT INTO "ar_internal_metadata" ("key", "value", "created_at", "updated_at") VALUES (?, ?, ?, ?)[0m  [["key", "environment"], ["value", "development"], ["created_at", "2018-07-08 05:58:55.893237"], ["updated_at", "2018-07-08 05:58:55.893237"]]
  ↳ /home/letsventure/.rvm/gems/ruby-2.2.4/bin/rake:23
  [1m[35m (56.3ms)[0m  [1m[36mcommit transaction[0m
  ↳ /home/letsventure/.rvm/gems/ruby-2.2.4/bin/rake:23
  [1m[35m (0.1ms)[0m  [1m[34mSELECT "schema_migrations"."version" FROM "schema_migrations" ORDER BY "schema_migrations"."version" ASC[0m
  ↳ /home/letsventure/.rvm/gems/ruby-2.2.4/bin/rake:23
Started GET "/" for 127.0.0.1 at 2018-07-08 11:35:44 +0530
  [1m[35m (0.2ms)[0m  [1m[34mSELECT "schema_migrations"."version" FROM "schema_migrations" ORDER BY "schema_migrations"."version" ASC[0m
  ↳ /home/letsventure/.rvm/gems/ruby-2.2.4/gems/activerecord-5.2.0/lib/active_record/log_subscriber.rb:98
Processing by Rails::WelcomeController#index as HTML
  Rendering /home/letsventure/.rvm/gems/ruby-2.2.4/gems/railties-5.2.0/lib/rails/templates/rails/welcome/index.html.erb
  Rendered /home/letsventure/.rvm/gems/ruby-2.2.4/gems/railties-5.2.0/lib/rails/templates/rails/welcome/index.html.erb (2.9ms)
Completed 200 OK in 12ms (Views: 6.6ms | ActiveRecord: 0.0ms)


Started GET "/details/new" for 127.0.0.1 at 2018-07-08 11:35:51 +0530
Processing by DetailsController#new as HTML
  Rendering details/new.html.erb within layouts/application
  Rendered details/new.html.erb within layouts/application (9.0ms)
Completed 200 OK in 501ms (Views: 492.0ms | ActiveRecord: 0.6ms)


Started POST "/details" for 127.0.0.1 at 2018-07-08 11:35:56 +0530
Processing by DetailsController#create as HTML
  Parameters: {"utf8"=>"✓", "authenticity_token"=>"tpyX9vw9pnlBu2Ar5rJkek6R8bFhdU64TURTHMmrpuXyEUa0v2OplfMFOu1q8WgEC7fGSpqBiIxS3FwFEtKdCw==", "detail"=>{"firstname"=>"sumaniuiuh", "lastname"=>"lsd"}, "commit"=>"Create Detail"}
Completed 500 Internal Server Error in 57ms (ActiveRecord: 0.0ms)


  
NameError (undefined local variable or method `lastname' for #<DetailsController:0x007f2a252af700>):
  
app/controllers/details_controller.rb:14:in `form_params'
app/controllers/details_controller.rb:7:in `create'
Started POST "/details" for 127.0.0.1 at 2018-07-08 11:36:08 +0530
Processing by DetailsController#create as HTML
  Parameters: {"utf8"=>"✓", "authenticity_token"=>"tpyX9vw9pnlBu2Ar5rJkek6R8bFhdU64TURTHMmrpuXyEUa0v2OplfMFOu1q8WgEC7fGSpqBiIxS3FwFEtKdCw==", "detail"=>{"firstname"=>"sumaniuiuh", "lastname"=>"lsd"}, "commit"=>"Create Detail"}
  [1m[35m (0.0ms)[0m  [1m[36mbegin transaction[0m
  ↳ app/controllers/details_controller.rb:8
  [1m[36mDetail Create (0.3ms)[0m  [1m[32mINSERT INTO "details" ("firstname", "lastname", "created_at", "updated_at") VALUES (?, ?, ?, ?)[0m  [["firstname", "sumaniuiuh"], ["lastname", "lsd"], ["created_at", "2018-07-08 06:06:18.717320"], ["updated_at", "2018-07-08 06:06:18.717320"]]
  ↳ app/controllers/details_controller.rb:8
  [1m[35m (114.5ms)[0m  [1m[36mcommit transaction[0m
  ↳ app/controllers/details_controller.rb:8
Redirected to http://localhost:3000/details/new
Completed 302 Found in 124ms (ActiveRecord: 115.4ms)


Started GET "/details/new" for 127.0.0.1 at 2018-07-08 11:36:18 +0530
Processing by DetailsController#new as HTML
  Rendering details/new.html.erb within layouts/application
  Rendered details/new.html.erb within layouts/application (1.4ms)
Completed 200 OK in 16ms (Views: 15.2ms | ActiveRecord: 0.0ms)


Started POST "/details" for 127.0.0.1 at 2018-07-08 11:36:22 +0530
Processing by DetailsController#create as HTML
  Parameters: {"utf8"=>"✓", "authenticity_token"=>"MALqh1cBi9XyhN784iHBqQFghcZP1eVLBSWW1d1wMpl0jzvFFF+EOUA6hDpuYs3XREayPbQhI38avZnMBgkJdw==", "detail"=>{"firstname"=>"ksdgua", "lastname"=>"iohud"}, "commit"=>"Create Detail"}
  [1m[35m (0.1ms)[0m  [1m[36mbegin transaction[0m
  ↳ app/controllers/details_controller.rb:8
  [1m[36mDetail Create (1.9ms)[0m  [1m[32mINSERT INTO "details" ("firstname", "lastname", "created_at", "updated_at") VALUES (?, ?, ?, ?)[0m  [["firstname", "ksdgua"], ["lastname", "iohud"], ["created_at", "2018-07-08 06:06:22.268335"], ["updated_at", "2018-07-08 06:06:22.268335"]]
  ↳ app/controllers/details_controller.rb:8
  [1m[35m (266.7ms)[0m  [1m[36mcommit transaction[0m
  ↳ app/controllers/details_controller.rb:8
Redirected to http://localhost:3000/details/new
Completed 302 Found in 273ms (ActiveRecord: 268.7ms)


Started GET "/details/new" for 127.0.0.1 at 2018-07-08 11:36:22 +0530
Processing by DetailsController#new as HTML
  Rendering details/new.html.erb within layouts/application
  Rendered details/new.html.erb within layouts/application (1.2ms)
Completed 200 OK in 17ms (Views: 15.8ms | ActiveRecord: 0.0ms)


  [1m[36mDetail Load (0.2ms)[0m  [1m[34mSELECT  "details".* FROM "details" ORDER BY "details"."id" DESC LIMIT ?[0m  [["LIMIT", 1]]
Started GET "/details/new" for 127.0.0.1 at 2018-07-08 11:47:43 +0530
Processing by DetailsController#new as HTML
  Rendering details/new.html.erb within layouts/application
  Rendered details/new.html.erb within layouts/application (2.1ms)
Completed 200 OK in 35ms (Views: 23.7ms | ActiveRecord: 1.1ms)


Started POST "/details" for 127.0.0.1 at 2018-07-08 11:49:36 +0530
Processing by DetailsController#create as HTML
  Parameters: {"utf8"=>"✓", "authenticity_token"=>"zuFzFwA9HG7ou7Tipywp60pQ5LIoxbexkynfS9QsiWeKbKJVQ2MTgloF7iQrbyWVD3bTSdMxcYWMsdBSD1WyiQ==", "detail"=>{"firstname"=>"sumanth", "lastname"=>"sdln"}, "commit"=>"Create Detail"}
  [1m[35m (0.1ms)[0m  [1m[36mbegin transaction[0m
  ↳ app/controllers/details_controller.rb:10
  [1m[36mDetail Create (0.4ms)[0m  [1m[32mINSERT INTO "details" ("firstname", "lastname", "created_at", "updated_at") VALUES (?, ?, ?, ?)[0m  [["firstname", "sumanth"], ["lastname", "sdln"], ["created_at", "2018-07-08 06:19:36.123755"], ["updated_at", "2018-07-08 06:19:36.123755"]]
  ↳ app/controllers/details_controller.rb:10
  [1m[35m (447.7ms)[0m  [1m[36mcommit transaction[0m
  ↳ app/controllers/details_controller.rb:10
Completed 500 Internal Server Error in 547ms (ActiveRecord: 449.3ms)


  
NameError (undefined local variable or method `details_show_path_path' for #<DetailsController:0x007f2a201e9d48>):
  
app/controllers/details_controller.rb:11:in `create'
Started POST "/details" for 127.0.0.1 at 2018-07-08 11:49:55 +0530
Processing by DetailsController#create as HTML
  Parameters: {"utf8"=>"✓", "authenticity_token"=>"zuFzFwA9HG7ou7Tipywp60pQ5LIoxbexkynfS9QsiWeKbKJVQ2MTgloF7iQrbyWVD3bTSdMxcYWMsdBSD1WyiQ==", "detail"=>{"firstname"=>"sumanth", "lastname"=>"sdln"}, "commit"=>"Create Detail"}
  [1m[35m (0.1ms)[0m  [1m[36mbegin transaction[0m
  ↳ app/controllers/details_controller.rb:10
  [1m[36mDetail Create (0.3ms)[0m  [1m[32mINSERT INTO "details" ("firstname", "lastname", "created_at", "updated_at") VALUES (?, ?, ?, ?)[0m  [["firstname", "sumanth"], ["lastname", "sdln"], ["created_at", "2018-07-08 06:19:55.822547"], ["updated_at", "2018-07-08 06:19:55.822547"]]
  ↳ app/controllers/details_controller.rb:10
  [1m[35m (185.9ms)[0m  [1m[36mcommit transaction[0m
  ↳ app/controllers/details_controller.rb:10
Redirected to http://localhost:3000/details/show
Completed 302 Found in 202ms (ActiveRecord: 187.1ms)


Started GET "/details/show" for 127.0.0.1 at 2018-07-08 11:49:56 +0530
Processing by DetailsController#show as HTML
  Rendering details/show.html.erb within layouts/application
  [1m[36mDetail Load (0.3ms)[0m  [1m[34mSELECT "details".* FROM "details"[0m
  ↳ app/views/details/show.html.erb:2
  Rendered details/show.html.erb within layouts/application (2.7ms)
Completed 200 OK in 36ms (Views: 33.1ms | ActiveRecord: 0.3ms)


